<?xml version="1.0" encoding="UTF-8"?>
<!-- Generated by org.testng.reporters.JUnitReportReporter -->
<testsuite hostname="LAPTOP-6DQDFAGD" failures="0" tests="1" name="AppiumTestExamples.AppiumProject.AppiumMiscellaneousLandscape" time="14.659" errors="0" timestamp="2023-11-04T11:56:20 IST" skipped="0">
  <testcase classname="AppiumTestExamples.AppiumProject.AppiumMiscellaneousLandscape" name="landscapeViewTest" time="14.659"/>
  <system-out/>
</testsuite> <!-- AppiumTestExamples.AppiumProject.AppiumMiscellaneousLandscape -->
