<?xml version="1.0" encoding="UTF-8"?>
<!-- Generated by org.testng.reporters.JUnitReportReporter -->
<testsuite hostname="LAPTOP-6DQDFAGD" failures="0" tests="1" name="AppiumTestExamples.AppiumProject.MobileGestures_Scroll_swipe" time="6.454" errors="0" timestamp="2023-11-04T02:23:27 IST" skipped="0">
  <testcase classname="AppiumTestExamples.AppiumProject.MobileGestures_Scroll_swipe" name="swipeGesture" time="6.454"/>
  <system-out/>
</testsuite> <!-- AppiumTestExamples.AppiumProject.MobileGestures_Scroll_swipe -->
