<?xml version="1.0" encoding="UTF-8"?>
<!-- Generated by org.testng.reporters.JUnitReportReporter -->
<testsuite hostname="LAPTOP-6DQDFAGD" failures="0" tests="1" name="AppiumTestExamples.AppiumProject.MobileGestures_DragAndDrop" time="6.415" errors="0" timestamp="2023-11-04T11:10:28 IST" skipped="0">
  <testcase classname="AppiumTestExamples.AppiumProject.MobileGestures_DragAndDrop" name="dragAndDrop" time="6.415"/>
  <system-out/>
</testsuite> <!-- AppiumTestExamples.AppiumProject.MobileGestures_DragAndDrop -->
