<?xml version="1.0" encoding="UTF-8"?>
<!-- Generated by org.testng.reporters.JUnitReportReporter -->
<testsuite hostname="LAPTOP-6DQDFAGD" failures="0" tests="1" name="AppiumGeneralStore.GS_FormValidation" time="19.109" errors="0" timestamp="2023-11-04T15:59:39 IST" skipped="0">
  <testcase classname="AppiumGeneralStore.GS_FormValidation" name="FillForm" time="19.109"/>
  <system-out/>
</testsuite> <!-- AppiumGeneralStore.GS_FormValidation -->
