<?xml version="1.0" encoding="UTF-8"?>
<!-- Generated by org.testng.reporters.JUnitReportReporter -->
<testsuite hostname="LAPTOP-6DQDFAGD" failures="0" tests="1" name="AppiumTestExamples.AppiumProject.AppiumBasics" time="9.136" errors="0" timestamp="2023-11-03T23:03:40 IST" skipped="0">
  <testcase classname="AppiumTestExamples.AppiumProject.AppiumBasics" name="setWifiName" time="9.136"/>
  <system-out/>
</testsuite> <!-- AppiumTestExamples.AppiumProject.AppiumBasics -->
