<?xml version="1.0" encoding="UTF-8"?>
<!-- Generated by org.testng.reporters.JUnitReportReporter -->
<testsuite hostname="LAPTOP-6DQDFAGD" failures="0" tests="1" name="AppiumTestExamples.AppiumProject.MobileGestures_LongPress" time="7.763" errors="0" timestamp="2023-11-04T01:38:34 IST" skipped="0">
  <testcase classname="AppiumTestExamples.AppiumProject.MobileGestures_LongPress" name="longPress" time="7.763"/>
  <system-out/>
</testsuite> <!-- AppiumTestExamples.AppiumProject.MobileGestures_LongPress -->
