<?xml version="1.0" encoding="UTF-8"?>
<!-- Generated by org.testng.reporters.JUnitReportReporter -->
<testsuite hostname="LAPTOP-6DQDFAGD" failures="0" tests="1" name="AppiumTestExamples.AppiumProject.AlternateInvocationMethod" time="6.960" errors="0" timestamp="2023-11-04T12:25:56 IST" skipped="0">
  <testcase classname="AppiumTestExamples.AppiumProject.AlternateInvocationMethod" name="alternateInvocation" time="6.960"/>
  <system-out/>
</testsuite> <!-- AppiumTestExamples.AppiumProject.AlternateInvocationMethod -->
