<?xml version="1.0" encoding="UTF-8"?>
<!-- Generated by org.testng.reporters.JUnitReportReporter -->
<testsuite hostname="LAPTOP-6DQDFAGD" failures="0" tests="1" name="AppiumGeneralStore.GS_ValidateCartItems" time="23.489" errors="0" timestamp="2023-11-04T20:31:14 IST" skipped="0">
  <testcase classname="AppiumGeneralStore.GS_ValidateCartItems" name="validateCart" time="23.489"/>
  <system-out/>
</testsuite> <!-- AppiumGeneralStore.GS_ValidateCartItems -->
