<?xml version="1.0" encoding="UTF-8"?>
<!-- Generated by org.testng.reporters.JUnitReportReporter -->
<testsuite hostname="LAPTOP-6DQDFAGD" failures="0" tests="1" name="AppiumGeneralStore.GS_AddProductToCart" time="13.745" errors="0" timestamp="2023-11-04T18:36:50 IST" skipped="0">
  <testcase classname="AppiumGeneralStore.GS_AddProductToCart" name="FillForm" time="13.745"/>
  <system-out/>
</testsuite> <!-- AppiumGeneralStore.GS_AddProductToCart -->
